<?xml version="1.0" encoding="UTF-8"?>
<!-- Generated by org.testng.reporters.JUnitXMLReporter -->
<testsuite ignored="0" hostname="DESKTOP-QFV9SEJ" failures="0" tests="3" name="Default test" time="18.118" errors="0" timestamp="26 Apr 2023 17:50:54 GMT">
  <testcase classname="org.letcode.Test.TC001_Login" name="loginTest" time="0.08"/>
  <testcase classname="org.letcode.Test.TC001_Login" name="loginTest" time="0.067"/>
  <testcase classname="org.letcode.Test.TC001_Login" name="loginTest" time="0.066"/>
</testsuite> <!-- Default test -->
